🔍 Security tools needed: mythril, manticore, solhint
📦 Installing bundled security tools...
✅ Security tools installed successfully
Signing with throwaway deployer key -> address 0x16f57d43dA79DA9005DB73B1A91b23fdD225D23a

Running 10 real BiLSTM federated-learning rounds (10 clients, 20% malicious, WUSTL-IIoT-2021)...
Malicious clients (random-gradient-replacement attack): [6, 7]
FL training complete in 3.9s. Final accuracy: 0.9821 (accuracy curve: [0.973, 0.971, 0.982, 0.98, 0.982, 0.984, 0.986, 0.988, 0.982, 0.982])

Deploying a fresh TrustLedger instance for this run...
Installing Solidity compiler v0.8.19...
Solidity compiler v0.8.19 installed successfully
TrustLedger deployed at: 0xa169Cef457C355c6301bFd6c1a69Ed2C26e10B4a
Round   1/10: fl_accuracy=0.9732 admitted=10/10 mean_trust=0.940 -> finalized=True tx b00f19b9d5bd99ec...
Round   2/10: fl_accuracy=0.9714 admitted=10/10 mean_trust=0.898 -> finalized=True tx fa10fe8c9f8752ba...
Round   3/10: fl_accuracy=0.9821 admitted=10/10 mean_trust=0.869 -> finalized=True tx 703f79f22f4da0ad...
Round   4/10: fl_accuracy=0.9804 admitted=8/10 mean_trust=1.000 -> finalized=True tx 5fa30f3b4acd7cf0...
  (nonce race, retrying in 3.0s -- attempt 1/5)
Round   5/10: fl_accuracy=0.9821 admitted=8/10 mean_trust=1.000 -> finalized=True tx 59b430a96fd88b2b...
Round   6/10: fl_accuracy=0.9839 admitted=8/10 mean_trust=1.000 -> finalized=True tx 7e56ac9b7e5a2e21...
Round   7/10: fl_accuracy=0.9857 admitted=8/10 mean_trust=1.000 -> finalized=True tx 7181252cfb5a929d...
  (nonce race, retrying in 3.0s -- attempt 1/5)
Round   8/10: fl_accuracy=0.9875 admitted=8/10 mean_trust=1.000 -> finalized=True tx ed8c7581f34e198d...
Round   9/10: fl_accuracy=0.9821 admitted=8/10 mean_trust=1.000 -> finalized=True tx df4c96d805d617c2...
Round  10/10: fl_accuracy=0.9821 admitted=8/10 mean_trust=1.000 -> finalized=True tx 62e03387135eddd0...

Anchored 10 real FL rounds on-chain in 26.0s.

Verifying all rounds against on-chain state...
All 10 rounds verified: on-chain consensus record matches the real FL training outcome.

Summary: final FL accuracy 0.9821 (3.9s training + 26.0s anchoring), contract 0xa169Cef457C355c6301bFd6c1a69Ed2C26e10B4a
