🔍 Security tools needed: mythril, manticore, solhint
📦 Installing bundled security tools...
✅ Security tools installed successfully
Signing with throwaway deployer key -> address 0x16f57d43dA79DA9005DB73B1A91b23fdD225D23a
Malicious clients (random-gradient-replacement attack): [6, 7]

Deploying a fresh TrustLedger instance for this comparison...
Installing Solidity compiler v0.8.19...
Solidity compiler v0.8.19 installed successfully
TrustLedger deployed at: 0x4960bdE9A141ba6c55734Cb6035C49Db7Bb3900E

=== Centralized Learning (centralized) ===
  FL training done in 5.3s, final accuracy 0.9518
    round 1/1 -> chain_round=1 finalized=True tx e40fb18a7a56ddba...

=== Vanilla FL (fedavg) ===
  FL training done in 2.0s, final accuracy 0.8571
    round 1/10 -> chain_round=1001 finalized=True tx 90c9606041ba2039...
    round 2/10 -> chain_round=1002 finalized=True tx 137f61b8038ab49d...
    round 3/10 -> chain_round=1003 finalized=True tx e9598cd53ecce166...
    (transient RPC error, retrying in 3.0s -- attempt 1/5: {'code': -32000, 'message': 'nonce too low: next nonce 160, tx nonce 159'})
    round 4/10 -> chain_round=1004 finalized=True tx b7bfef03f7416771...
    round 5/10 -> chain_round=1005 finalized=True tx 531f0d82970f8bb2...
    round 6/10 -> chain_round=1006 finalized=True tx 155c18aed5ab6dfc...
    round 7/10 -> chain_round=1007 finalized=True tx 8182344f7bbad7a4...
    round 8/10 -> chain_round=1008 finalized=True tx 9384b97ecc61038f...
    round 9/10 -> chain_round=1009 finalized=True tx 4e634f49fb69e03d...
    round 10/10 -> chain_round=1010 finalized=True tx a1e17b2082c2a5de...

=== FL + PoA (only authority) (authority_only) ===
  FL training done in 2.0s, final accuracy 0.9804
    round 1/10 -> chain_round=2001 finalized=True tx 4b6c1b1b76e030fa...
    round 2/10 -> chain_round=2002 finalized=True tx 7b046ab6ff0712ab...
    round 3/10 -> chain_round=2003 finalized=True tx 495d89989175d31b...
    round 4/10 -> chain_round=2004 finalized=True tx 6b7e1bfd6e0402b6...
    round 5/10 -> chain_round=2005 finalized=True tx 33967a6001a1d359...
    round 6/10 -> chain_round=2006 finalized=True tx 30d4a83791073a8f...
    round 7/10 -> chain_round=2007 finalized=True tx ceafb757726f87eb...
    round 8/10 -> chain_round=2008 finalized=True tx c27f518ed04f17d4...
    round 9/10 -> chain_round=2009 finalized=True tx 6b842745389b453a...
    (transient RPC error, retrying in 3.0s -- attempt 1/5: {'code': -32000, 'message': 'replacement transaction underpriced'})
    round 10/10 -> chain_round=2010 finalized=True tx d3d0a4a22eddb121...

=== FL + Association (only) (association_only) ===
  FL training done in 2.0s, final accuracy 0.9857
    round 1/10 -> chain_round=3001 finalized=True tx e35efbf38c5cbc8d...
    (transient RPC error, retrying in 3.0s -- attempt 1/5: {'code': -32000, 'message': 'nonce too low: next nonce 178, tx nonce 177'})
    round 2/10 -> chain_round=3002 finalized=True tx 64b58e66e3ca99bf...
    round 3/10 -> chain_round=3003 finalized=True tx 89a2458fca7d8bf2...
    round 4/10 -> chain_round=3004 finalized=True tx 08e48d61342ffa68...
    round 5/10 -> chain_round=3005 finalized=True tx ede4d4bc11e7e977...
    round 6/10 -> chain_round=3006 finalized=True tx f2c6ceb795a800d8...
    round 7/10 -> chain_round=3007 finalized=True tx 4b4ab9f6eecb71e9...
    round 8/10 -> chain_round=3008 finalized=True tx bf980c0db05fb2f2...
    round 9/10 -> chain_round=3009 finalized=True tx 83ff1975f41f93e7...
    (transient RPC error, retrying in 3.0s -- attempt 1/5: {'code': -32000, 'message': 'nonce too low: next nonce 186, tx nonce 185'})
    round 10/10 -> chain_round=3010 finalized=True tx ce613f0d68eb4ac9...

=== FL + PoA2 (full) (poa2) ===
  FL training done in 2.0s, final accuracy 0.9839
    round 1/10 -> chain_round=4001 finalized=True tx 83e949608aae22d9...
    round 2/10 -> chain_round=4002 finalized=True tx 9bd528ab2ab19498...
    round 3/10 -> chain_round=4003 finalized=True tx abf6e868f3f792ed...
    round 4/10 -> chain_round=4004 finalized=True tx 51b3ba9fa3b5f8fe...
    round 5/10 -> chain_round=4005 finalized=True tx e5c01b8521f791ef...
    round 6/10 -> chain_round=4006 finalized=True tx 55e3ef48bf0a8f8e...
    round 7/10 -> chain_round=4007 finalized=True tx bbe7afe915e1a9ec...
    round 8/10 -> chain_round=4008 finalized=True tx 876e9f700437d573...
    round 9/10 -> chain_round=4009 finalized=True tx 357369ca634e5ffe...
    round 10/10 -> chain_round=4010 finalized=True tx d0ef9fe3b5e484bd...

=== Krum (krum) ===
  FL training done in 2.1s, final accuracy 0.9732
    round 1/10 -> chain_round=5001 finalized=True tx 74d835ae231b57f0...
    (transient RPC error, retrying in 3.0s -- attempt 1/5: {'code': -32000, 'message': 'nonce too low: next nonce 198, tx nonce 197'})
    round 2/10 -> chain_round=5002 finalized=True tx 63c8c6a2c07ea7df...
    round 3/10 -> chain_round=5003 finalized=True tx cfb73cfce5ed0c94...
    round 4/10 -> chain_round=5004 finalized=True tx 83fa951e84d85ec8...
    round 5/10 -> chain_round=5005 finalized=True tx 972f3fa5e93096b5...
    round 6/10 -> chain_round=5006 finalized=True tx 98a2f08966df7768...
    round 7/10 -> chain_round=5007 finalized=True tx 8030c8f1c9ceb018...
    round 8/10 -> chain_round=5008 finalized=True tx 2dff5e124a683035...
    round 9/10 -> chain_round=5009 finalized=True tx 4c69c099384d6e0b...
    round 10/10 -> chain_round=5010 finalized=True tx 493a75008bbc9d4b...

=== Trimmed Mean (trimmed_mean) ===
  FL training done in 2.1s, final accuracy 0.9857
    round 1/10 -> chain_round=6001 finalized=True tx 48fa5f2d1c687751...
    round 2/10 -> chain_round=6002 finalized=True tx 68a4eec5e39c60f5...
    round 3/10 -> chain_round=6003 finalized=True tx bf97b3b483127a0e...
    round 4/10 -> chain_round=6004 finalized=True tx c3aa916ee58be015...
    (transient RPC error, retrying in 3.0s -- attempt 1/5: {'code': -32000, 'message': 'nonce too low: next nonce 211, tx nonce 210'})
    round 5/10 -> chain_round=6005 finalized=True tx 88a7972c236e19d1...
    round 6/10 -> chain_round=6006 finalized=True tx 8e513719d9c73b5f...
    round 7/10 -> chain_round=6007 finalized=True tx 65c43c2ab965b765...
    round 8/10 -> chain_round=6008 finalized=True tx 8ad8c8d8fe9b6b0a...
    round 9/10 -> chain_round=6009 finalized=True tx 40ed3c40d71febbf...
    round 10/10 -> chain_round=6010 finalized=True tx 031dbafd9f9628a4...

=== Median (median) ===
  FL training done in 2.1s, final accuracy 0.9786
    round 1/10 -> chain_round=7001 finalized=True tx ecf658c3ccfad9fc...
    round 2/10 -> chain_round=7002 finalized=True tx ed0f7c37146a4e3e...
    round 3/10 -> chain_round=7003 finalized=True tx ddbcc2b7e855dcc5...
    round 4/10 -> chain_round=7004 finalized=True tx c9833705e52d12ef...
    round 5/10 -> chain_round=7005 finalized=True tx 92683f7111aa5bb8...
    round 6/10 -> chain_round=7006 finalized=True tx 6567132a6a0c1f5c...
    (transient RPC error, retrying in 3.0s -- attempt 1/5: {'code': -32000, 'message': 'nonce too low: next nonce 223, tx nonce 222'})
    round 7/10 -> chain_round=7007 finalized=True tx dc7e4df1a85963e4...
    round 8/10 -> chain_round=7008 finalized=True tx 20eb35fe8b442abb...
    round 9/10 -> chain_round=7009 finalized=True tx 814baa900283c185...
    round 10/10 -> chain_round=7010 finalized=True tx 6ae35665a7b92ba0...

Sent 71 real transactions across 8 methods (19.7s training + 158.2s anchoring).

Verifying every method's records against on-chain state...
All 71 records verified: on-chain state matches every method's real training outcome.

Method                          Final Acc   Rounds
Centralized Learning               95.18%        1
Vanilla FL                         85.71%       10
FL + PoA (only authority)          98.04%       10
FL + Association (only)            98.57%       10
FL + PoA2 (full)                   98.39%       10
Krum                               97.32%       10
Trimmed Mean                       98.57%       10
Median                             97.86%       10

Contract: 0x4960bdE9A141ba6c55734Cb6035C49Db7Bb3900E
