🔍 Security tools needed: mythril, manticore, solhint
📦 Installing bundled security tools...
✅ Security tools installed successfully
Signing with throwaway deployer key -> address 0x16f57d43dA79DA9005DB73B1A91b23fdD225D23a
Installing Solidity compiler v0.8.19...
Solidity compiler v0.8.19 installed successfully
Attached to TrustLedger at 0x5E415aa5F5942f8341BBA1518EA9548F80C34891
Sending 100 real transactions (zero gas)...

Round    1/100: block_valid=True  finalized=True  mean_association=1.000 -> tx a711b15245cdb483...
Round    2/100: block_valid=True  finalized=True  mean_association=1.000 -> tx 4117181e32130e51...
Round    3/100: block_valid=True  finalized=True  mean_association=0.952 -> tx eaad5e3e7a0e5108...
Round    4/100: block_valid=True  finalized=True  mean_association=0.964 -> tx 91346ce5cd3f82e9...
Round    5/100: block_valid=True  finalized=True  mean_association=0.943 -> tx 071d941678bf643f...
Round    6/100: block_valid=True  finalized=True  mean_association=0.952 -> tx 23af2ec069f36142...
Round    7/100: block_valid=False finalized=False mean_association=0.939 -> tx d2b9182f013a97d1...
Round    8/100: block_valid=True  finalized=True  mean_association=0.946 -> tx 1a8c47c625d5bedd...
  (nonce race, retrying in 3.0s -- attempt 1/5)
Round    9/100: block_valid=False finalized=False mean_association=0.937 -> tx af1c38cc22d6ea0c...
Round   10/100: block_valid=True  finalized=True  mean_association=0.943 -> tx 2b25873b76b2fad4...
  (nonce race, retrying in 3.0s -- attempt 1/5)
Round   11/100: block_valid=True  finalized=True  mean_association=0.948 -> tx 53dc0e214ee06829...
  (nonce race, retrying in 3.0s -- attempt 1/5)
Round   12/100: block_valid=True  finalized=True  mean_association=0.952 -> tx 50d5fd49dede0c57...
Round   13/100: block_valid=True  finalized=True  mean_association=0.956 -> tx cc2fca754e6e6658...
Round   14/100: block_valid=False finalized=False mean_association=0.959 -> tx 8655969a696b92cd...
Round   15/100: block_valid=True  finalized=True  mean_association=0.962 -> tx 077fa4234611503b...
Round   16/100: block_valid=True  finalized=True  mean_association=0.964 -> tx 841cdeb6e75d252b...
Round   17/100: block_valid=True  finalized=True  mean_association=0.966 -> tx 887c6d2c221cadf5...
Round   18/100: block_valid=True  finalized=True  mean_association=0.968 -> tx 3ec8c9ce7c07a578...
Round   19/100: block_valid=True  finalized=True  mean_association=0.970 -> tx cdd6c4e91e38e3d6...
  (nonce race, retrying in 3.0s -- attempt 1/5)
Round   20/100: block_valid=False finalized=False mean_association=0.964 -> tx eaa0c751e9131afc...
Round   21/100: block_valid=True  finalized=True  mean_association=0.966 -> tx 6e3dba0eb9afcb59...
Round   22/100: block_valid=True  finalized=True  mean_association=0.968 -> tx 71e922ba721cdac3...
Round   23/100: block_valid=True  finalized=True  mean_association=0.969 -> tx afbfe821b9121d95...
Round   24/100: block_valid=True  finalized=True  mean_association=0.970 -> tx c16cc4bf6677995a...
Round   25/100: block_valid=True  finalized=True  mean_association=0.971 -> tx 459e3b8135f04331...
Round   26/100: block_valid=True  finalized=True  mean_association=0.973 -> tx cf0d7cca800342a1...
Round   27/100: block_valid=False finalized=False mean_association=0.968 -> tx 3501bed389a736b7...
Round   28/100: block_valid=True  finalized=True  mean_association=0.969 -> tx deb5404122103e02...
Round   29/100: block_valid=True  finalized=True  mean_association=0.970 -> tx 0ca0731b00d2a5a4...
Round   30/100: block_valid=True  finalized=True  mean_association=0.971 -> tx 4df78d50590e62d9...
  (nonce race, retrying in 3.0s -- attempt 1/5)
Round   31/100: block_valid=True  finalized=True  mean_association=0.972 -> tx 3141473f1e8ea7a0...
  (nonce race, retrying in 3.0s -- attempt 1/5)
Round   32/100: block_valid=True  finalized=True  mean_association=0.973 -> tx 2ad1da91df2625c4...
Round   33/100: block_valid=True  finalized=True  mean_association=0.974 -> tx d61ad2e85f61fc5a...
Round   34/100: block_valid=True  finalized=True  mean_association=0.971 -> tx 8cb4cd8cb18120f1...
Round   35/100: block_valid=True  finalized=True  mean_association=0.971 -> tx ca48a8c4bcb55a43...
Round   36/100: block_valid=True  finalized=True  mean_association=0.968 -> tx 01ca9b50bee5b583...
Round   37/100: block_valid=True  finalized=True  mean_association=0.965 -> tx e58dd1d2e2aa336a...
Round   38/100: block_valid=True  finalized=True  mean_association=0.966 -> tx 450f4e3e5367cfdf...
Round   39/100: block_valid=True  finalized=True  mean_association=0.963 -> tx 50b32364a944e981...
Round   40/100: block_valid=False finalized=False mean_association=0.961 -> tx f700f7da4e4aa2a7...
Round   41/100: block_valid=True  finalized=True  mean_association=0.962 -> tx 766b86e72f8bc670...
Round   42/100: block_valid=True  finalized=True  mean_association=0.963 -> tx 8cc15ada54332110...
Round   43/100: block_valid=True  finalized=True  mean_association=0.963 -> tx f6a3a334c3c46750...
Round   44/100: block_valid=True  finalized=True  mean_association=0.961 -> tx 014b29d390382a03...
Round   45/100: block_valid=True  finalized=True  mean_association=0.962 -> tx 1cf728f648a111c0...
Round   46/100: block_valid=False finalized=False mean_association=0.963 -> tx 73422a3cb6e96623...
  (nonce race, retrying in 3.0s -- attempt 1/5)
Round   47/100: block_valid=True  finalized=True  mean_association=0.964 -> tx 2a298e0811be6b8a...
Round   48/100: block_valid=False finalized=False mean_association=0.964 -> tx 84e3d44366393d8a...
Round   49/100: block_valid=True  finalized=True  mean_association=0.962 -> tx 5b15e8cf5365f165...
  (nonce race, retrying in 3.0s -- attempt 1/5)
Round   50/100: block_valid=False finalized=False mean_association=0.960 -> tx 5364c8212f7168c6...
  (nonce race, retrying in 3.0s -- attempt 1/5)
Round   51/100: block_valid=True  finalized=True  mean_association=0.961 -> tx 99633758b2e677e1...
  (nonce race, retrying in 3.0s -- attempt 1/5)
Round   52/100: block_valid=True  finalized=True  mean_association=0.959 -> tx dc4914b3c22308d4...
Round   53/100: block_valid=True  finalized=True  mean_association=0.960 -> tx 4f6f0887e3053230...
Round   54/100: block_valid=True  finalized=True  mean_association=0.958 -> tx c15d6a0d45cf5734...
  (nonce race, retrying in 3.0s -- attempt 1/5)
Round   55/100: block_valid=True  finalized=True  mean_association=0.958 -> tx 170f9fdce01506ec...
Round   56/100: block_valid=True  finalized=True  mean_association=0.959 -> tx 15141df556e31c79...
Round   57/100: block_valid=True  finalized=True  mean_association=0.960 -> tx cce230fc5b9e8e58...
  (nonce race, retrying in 3.0s -- attempt 1/5)
Round   58/100: block_valid=True  finalized=True  mean_association=0.961 -> tx d7d054a49b7a7c7b...
Round   59/100: block_valid=False finalized=False mean_association=0.959 -> tx 4c4c79c914992009...
  (nonce race, retrying in 3.0s -- attempt 1/5)
Round   60/100: block_valid=True  finalized=True  mean_association=0.960 -> tx 6a912b05bd5b1877...
  (nonce race, retrying in 3.0s -- attempt 1/5)
Round   61/100: block_valid=True  finalized=True  mean_association=0.960 -> tx 72816912ca3e1567...
Round   62/100: block_valid=False finalized=False mean_association=0.959 -> tx 72c80d54984ca24e...
Round   63/100: block_valid=True  finalized=True  mean_association=0.959 -> tx 7b1c3adf9d3c436e...
Round   64/100: block_valid=False finalized=False mean_association=0.958 -> tx bd719e3cd4ee2b2b...
Round   65/100: block_valid=True  finalized=True  mean_association=0.958 -> tx f8df7e89a4e28d8f...
  (nonce race, retrying in 3.0s -- attempt 1/5)
Round   66/100: block_valid=True  finalized=True  mean_association=0.959 -> tx 7f8ee97046ca8729...
Round   67/100: block_valid=True  finalized=True  mean_association=0.959 -> tx a613475cee61a5d9...
Round   68/100: block_valid=True  finalized=True  mean_association=0.960 -> tx aa78e97c3e4ccd7c...
  (nonce race, retrying in 3.0s -- attempt 1/5)
Round   69/100: block_valid=True  finalized=True  mean_association=0.961 -> tx 7fc686e11ce7c23f...
  (nonce race, retrying in 3.0s -- attempt 1/5)
Round   70/100: block_valid=False finalized=False mean_association=0.959 -> tx 4cbe76fbef3ffcbc...
Round   71/100: block_valid=True  finalized=True  mean_association=0.960 -> tx 798a65be8447418a...
Round   72/100: block_valid=True  finalized=True  mean_association=0.960 -> tx 9d9e27dc8cd8994d...
Round   73/100: block_valid=True  finalized=True  mean_association=0.959 -> tx 021fbc50011ac121...
Round   74/100: block_valid=True  finalized=True  mean_association=0.959 -> tx 1fb444f7815c9f19...
Round   75/100: block_valid=True  finalized=True  mean_association=0.960 -> tx cc2391dca51f4fbd...
Round   76/100: block_valid=True  finalized=True  mean_association=0.961 -> tx b4433d30e479db62...
Round   77/100: block_valid=True  finalized=True  mean_association=0.961 -> tx 0cf086b4d4e5198b...
Round   78/100: block_valid=True  finalized=True  mean_association=0.962 -> tx bd74570f437fe249...
  (nonce race, retrying in 3.0s -- attempt 1/5)
Round   79/100: block_valid=False finalized=False mean_association=0.960 -> tx 7e2a31f70ad140fd...
Round   80/100: block_valid=False finalized=False mean_association=0.959 -> tx 56643b194625e3eb...
Round   81/100: block_valid=True  finalized=True  mean_association=0.959 -> tx f90f77e54b920101...
Round   82/100: block_valid=True  finalized=True  mean_association=0.958 -> tx cf78fc280a1a0d19...
Round   83/100: block_valid=True  finalized=True  mean_association=0.959 -> tx e746a5b80e090d92...
Round   84/100: block_valid=True  finalized=True  mean_association=0.959 -> tx 907799c10c5a121e...
Round   85/100: block_valid=False finalized=False mean_association=0.958 -> tx 63fcef97ae8e33f7...
Round   86/100: block_valid=True  finalized=True  mean_association=0.957 -> tx 471b1e537038cda9...
Round   87/100: block_valid=True  finalized=True  mean_association=0.957 -> tx 7ca7a697325eefe5...
Round   88/100: block_valid=False finalized=False mean_association=0.956 -> tx 58697036a78da1c6...
Round   89/100: block_valid=True  finalized=True  mean_association=0.955 -> tx bfe9650adb176160...
Round   90/100: block_valid=False finalized=False mean_association=0.954 -> tx c9d8e4104ecaaa62...
Round   91/100: block_valid=False finalized=False mean_association=0.953 -> tx 2418afbe0794c9b3...
Round   92/100: block_valid=True  finalized=True  mean_association=0.953 -> tx fd0141ec2a0f815c...
Round   93/100: block_valid=True  finalized=True  mean_association=0.954 -> tx 210aee35371bd1c8...
Round   94/100: block_valid=True  finalized=True  mean_association=0.953 -> tx e712931d70db75cf...
Round   95/100: block_valid=True  finalized=True  mean_association=0.953 -> tx 1db6de351d84595c...
Round   96/100: block_valid=True  finalized=True  mean_association=0.954 -> tx 45309f1e4574a976...
  (nonce race, retrying in 3.0s -- attempt 1/5)
Round   97/100: block_valid=True  finalized=True  mean_association=0.954 -> tx aca111bf4debc9f2...
Round   98/100: block_valid=False finalized=False mean_association=0.953 -> tx 4762580e9be9ca27...
Round   99/100: block_valid=True  finalized=True  mean_association=0.954 -> tx 3b8ddcf12f2dfe33...
Round  100/100: block_valid=False finalized=False mean_association=0.953 -> tx 4436f5cd34d0d0d8...

Sent 100 transactions in 251.3s (79 finalized, 21 rejected).

Reading all records back on-chain to verify persistence...
All 100 rounds verified: on-chain state matches what was sent, exactly.

Sample records:
  round 1: finalized=True, mean_association_scaled=10000
  round 21: finalized=True, mean_association_scaled=9660
  round 41: finalized=True, mean_association_scaled=9617
  round 61: finalized=True, mean_association_scaled=9602
  round 81: finalized=True, mean_association_scaled=9594
  round 100: finalized=False, mean_association_scaled=9529
